<?xml version="1.0" encoding="UTF-8"?>
<!-- Generated by org.testng.reporters.JUnitReportReporter -->
<testsuite hostname="JPKM" failures="0" tests="2" name="RCB.TeamRCB.ForiegnPlayers" time="0.055" errors="0" timestamp="2023-02-17T18:30:19 IST" skipped="0">
  <testcase classname="RCB.TeamRCB.ForiegnPlayers" name="validateForiegnPlayers" time="0.048"/>
  <system-out/>
  <testcase classname="RCB.TeamRCB.ForiegnPlayers" name="validateWicketKeepers" time="0.007"/>
  <system-out/>
</testsuite> <!-- RCB.TeamRCB.ForiegnPlayers -->
